2019-12-12 15:59:58,819 INFO org.springframework.context.support.PostProcessorRegistrationDelegate$BeanPostProcessorChecker [main] Bean 'org.springframework.cloud.autoconfigure.ConfigurationPropertiesRebinderAutoConfiguration' of type [org.springframework.cloud.autoconfigure.ConfigurationPropertiesRebinderAutoConfiguration] is not eligible for getting processed by all BeanPostProcessors (for example: not eligible for auto-proxying)
2019-12-12 16:00:00,199 INFO org.springframework.cloud.config.client.ConfigServicePropertySourceLocator [main] Fetching config from server at : http://localhost:8888
2019-12-12 16:00:01,431 INFO org.springframework.cloud.config.client.ConfigServicePropertySourceLocator [main] Located environment: name=ZullServer, profiles=[default], label=null, version=null, state=null
2019-12-12 16:00:01,432 INFO org.springframework.cloud.bootstrap.config.PropertySourceBootstrapConfiguration [main] Located property source: OriginTrackedCompositePropertySource {name='configService', propertySources=[OriginTrackedMapPropertySource {name='classpath:/common-config/application.properties'}]}
2019-12-12 16:00:01,485 INFO org.springframework.boot.SpringApplication [main] No active profile set, falling back to default profiles: default
2019-12-12 16:00:02,557 WARN org.springframework.boot.actuate.endpoint.EndpointId [main] Endpoint ID 'service-registry' contains invalid characters, please migrate to a valid format.
2019-12-12 16:00:02,660 WARN org.springframework.boot.actuate.endpoint.EndpointId [main] Endpoint ID 'hystrix.stream' contains invalid characters, please migrate to a valid format.
2019-12-12 16:00:02,946 INFO org.springframework.cloud.context.scope.GenericScope [main] BeanFactory id=786c6ff8-8c77-3676-a326-386c7427b0bd
2019-12-12 16:00:03,493 INFO org.springframework.context.support.PostProcessorRegistrationDelegate$BeanPostProcessorChecker [main] Bean 'org.springframework.cloud.autoconfigure.ConfigurationPropertiesRebinderAutoConfiguration' of type [org.springframework.cloud.autoconfigure.ConfigurationPropertiesRebinderAutoConfiguration] is not eligible for getting processed by all BeanPostProcessors (for example: not eligible for auto-proxying)
2019-12-12 16:00:04,521 INFO org.springframework.boot.web.embedded.tomcat.TomcatWebServer [main] Tomcat initialized with port(s): 8060 (http)
2019-12-12 16:00:04,534 INFO org.apache.juli.logging.DirectJDKLog [main] Initializing ProtocolHandler ["http-nio-8060"]
2019-12-12 16:00:04,534 INFO org.apache.juli.logging.DirectJDKLog [main] Starting service [Tomcat]
2019-12-12 16:00:04,535 INFO org.apache.juli.logging.DirectJDKLog [main] Starting Servlet engine: [Apache Tomcat/9.0.29]
2019-12-12 16:00:04,806 INFO org.apache.juli.logging.DirectJDKLog [main] Initializing Spring embedded WebApplicationContext
2019-12-12 16:00:04,807 INFO org.springframework.boot.web.servlet.context.ServletWebServerApplicationContext [main] Root WebApplicationContext: initialization completed in 3302 ms
2019-12-12 16:00:05,004 WARN com.netflix.config.sources.URLConfigurationSource [main] No URLs will be polled as dynamic configuration sources.
2019-12-12 16:00:05,005 INFO com.netflix.config.sources.URLConfigurationSource [main] To enable URLs as dynamic configuration sources, define System property archaius.configurationSource.additionalUrls or make config.properties available on classpath.
2019-12-12 16:00:05,024 INFO com.netflix.config.DynamicPropertyFactory [main] DynamicPropertyFactory is initialized with configuration sources: com.netflix.config.ConcurrentCompositeConfiguration@16bbaab3
2019-12-12 16:00:07,748 WARN org.springframework.cloud.sleuth.zipkin2.ZipkinAutoConfiguration [main] Check result of the [AsyncReporter{org.springframework.cloud.sleuth.zipkin2.sender.RestTemplateSender@5a7a6d34}] contains an error [CheckResult{ok=false, error=org.springframework.web.client.HttpClientErrorException$BadRequest: 400 Bad Request: [Empty JSON_V2 message]}]
2019-12-12 16:00:08,407 INFO org.springframework.boot.actuate.endpoint.web.ServletEndpointRegistrar [main] Registered '/actuator/hystrix.stream' to hystrix.stream-actuator-endpoint
2019-12-12 16:00:08,508 WARN com.netflix.config.sources.URLConfigurationSource [main] No URLs will be polled as dynamic configuration sources.
2019-12-12 16:00:08,508 INFO com.netflix.config.sources.URLConfigurationSource [main] To enable URLs as dynamic configuration sources, define System property archaius.configurationSource.additionalUrls or make config.properties available on classpath.
2019-12-12 16:00:08,956 INFO org.springframework.scheduling.concurrent.ExecutorConfigurationSupport [main] Initializing ExecutorService 'applicationTaskExecutor'
2019-12-12 16:00:10,527 WARN org.springframework.cloud.loadbalancer.config.BlockingLoadBalancerClientAutoConfiguration$BlockingLoadBalancerClientRibbonWarnLogger [main] You already have RibbonLoadBalancerClient on your classpath. It will be used by default. As Spring Cloud Ribbon is in maintenance mode. We recommend switching to BlockingLoadBalancerClient instead. In order to use it, set the value of `spring.cloud.loadbalancer.ribbon.enabled` to `false` or remove spring-cloud-starter-netflix-ribbon from your project.
2019-12-12 16:00:11,677 WARN org.springframework.cloud.loadbalancer.config.LoadBalancerCacheAutoConfiguration$LoadBalancerCaffeineWarnLogger [main] Spring Cloud LoadBalancer is currently working with default default cache. You can switch to using Caffeine cache, by adding it to the classpath.
2019-12-12 16:00:11,996 INFO org.springframework.cloud.netflix.zuul.ZuulFilterInitializer [main] Starting filter initializer
2019-12-12 16:00:12,115 INFO org.springframework.boot.actuate.endpoint.web.EndpointLinksResolver [main] Exposing 20 endpoint(s) beneath base path '/actuator'
2019-12-12 16:00:12,175 INFO org.springframework.cloud.netflix.eureka.InstanceInfoFactory [main] Setting initial instance status as: STARTING
2019-12-12 16:00:12,273 INFO com.netflix.discovery.DiscoveryClient [main] Initializing Eureka in region us-east-1
2019-12-12 16:00:12,327 INFO com.netflix.discovery.provider.DiscoveryJerseyProvider [main] Using JSON encoding codec LegacyJacksonJson
2019-12-12 16:00:12,328 INFO com.netflix.discovery.provider.DiscoveryJerseyProvider [main] Using JSON decoding codec LegacyJacksonJson
2019-12-12 16:00:12,504 INFO com.netflix.discovery.provider.DiscoveryJerseyProvider [main] Using XML encoding codec XStreamXml
2019-12-12 16:00:12,505 INFO com.netflix.discovery.provider.DiscoveryJerseyProvider [main] Using XML decoding codec XStreamXml
2019-12-12 16:00:12,755 INFO com.netflix.discovery.shared.resolver.aws.ConfigClusterResolver [main] Resolving eureka endpoints via configuration
2019-12-12 16:00:13,326 INFO com.netflix.discovery.DiscoveryClient [main] Disable delta property : false
2019-12-12 16:00:13,326 INFO com.netflix.discovery.DiscoveryClient [main] Single vip registry refresh property : null
2019-12-12 16:00:13,326 INFO com.netflix.discovery.DiscoveryClient [main] Force full registry fetch : false
2019-12-12 16:00:13,327 INFO com.netflix.discovery.DiscoveryClient [main] Application is null : false
2019-12-12 16:00:13,327 INFO com.netflix.discovery.DiscoveryClient [main] Registered Applications size is zero : true
2019-12-12 16:00:13,327 INFO com.netflix.discovery.DiscoveryClient [main] Application version is -1: true
2019-12-12 16:00:13,327 INFO com.netflix.discovery.DiscoveryClient [main] Getting all instance registry info from the eureka server
2019-12-12 16:00:13,449 INFO com.netflix.discovery.DiscoveryClient [main] The response status is 200
2019-12-12 16:00:13,452 INFO com.netflix.discovery.DiscoveryClient [main] Starting heartbeat executor: renew interval is: 30
2019-12-12 16:00:13,455 INFO com.netflix.discovery.InstanceInfoReplicator [main] InstanceInfoReplicator onDemand update allowed rate per min is 4
2019-12-12 16:00:13,459 INFO com.netflix.discovery.DiscoveryClient [main] Discovery Client initialized at timestamp 1576146613458 with initial instances count: 3
2019-12-12 16:00:13,471 INFO org.springframework.cloud.netflix.eureka.serviceregistry.EurekaServiceRegistry [main] Registering application ZULLSERVER with eureka with status UP
2019-12-12 16:00:13,473 INFO com.netflix.discovery.DiscoveryClient$3 [main] Saw local status change event StatusChangeEvent [timestamp=1576146613473, current=UP, previous=STARTING]
2019-12-12 16:00:13,476 INFO com.netflix.discovery.DiscoveryClient [DiscoveryClient-InstanceInfoReplicator-0] DiscoveryClient_ZULLSERVER/ZullServer:b892e69699121a6a1102e098a76e8261: registering service...
2019-12-12 16:00:13,504 INFO org.apache.juli.logging.DirectJDKLog [main] Starting ProtocolHandler ["http-nio-8060"]
2019-12-12 16:00:13,512 INFO com.netflix.discovery.DiscoveryClient [DiscoveryClient-InstanceInfoReplicator-0] DiscoveryClient_ZULLSERVER/ZullServer:b892e69699121a6a1102e098a76e8261 - registration status: 204
2019-12-12 16:00:13,533 INFO org.springframework.boot.web.embedded.tomcat.TomcatWebServer [main] Tomcat started on port(s): 8060 (http) with context path ''
2019-12-12 16:00:13,534 INFO org.springframework.cloud.netflix.eureka.serviceregistry.EurekaAutoServiceRegistration [main] Updating port to 8060
2019-12-12 16:00:14,460 INFO org.springframework.boot.StartupInfoLogger [main] Started ZullServerApplication in 17.582 seconds (JVM running for 18.439)
2019-12-12 16:05:13,330 INFO com.netflix.discovery.shared.resolver.aws.ConfigClusterResolver [AsyncResolver-bootstrap-executor-0] Resolving eureka endpoints via configuration
2019-12-12 16:10:13,333 INFO com.netflix.discovery.shared.resolver.aws.ConfigClusterResolver [AsyncResolver-bootstrap-executor-0] Resolving eureka endpoints via configuration
2019-12-12 16:15:13,334 INFO com.netflix.discovery.shared.resolver.aws.ConfigClusterResolver [AsyncResolver-bootstrap-executor-0] Resolving eureka endpoints via configuration
2019-12-12 16:20:13,338 INFO com.netflix.discovery.shared.resolver.aws.ConfigClusterResolver [AsyncResolver-bootstrap-executor-0] Resolving eureka endpoints via configuration
2019-12-12 16:25:13,341 INFO com.netflix.discovery.shared.resolver.aws.ConfigClusterResolver [AsyncResolver-bootstrap-executor-0] Resolving eureka endpoints via configuration
2019-12-12 16:30:33,081 INFO com.netflix.discovery.shared.resolver.aws.ConfigClusterResolver [AsyncResolver-bootstrap-executor-0] Resolving eureka endpoints via configuration
2019-12-12 16:35:33,084 INFO com.netflix.discovery.shared.resolver.aws.ConfigClusterResolver [AsyncResolver-bootstrap-executor-0] Resolving eureka endpoints via configuration
2019-12-12 16:40:33,086 INFO com.netflix.discovery.shared.resolver.aws.ConfigClusterResolver [AsyncResolver-bootstrap-executor-0] Resolving eureka endpoints via configuration
2019-12-12 16:45:33,088 INFO com.netflix.discovery.shared.resolver.aws.ConfigClusterResolver [AsyncResolver-bootstrap-executor-0] Resolving eureka endpoints via configuration
2019-12-12 16:50:33,090 INFO com.netflix.discovery.shared.resolver.aws.ConfigClusterResolver [AsyncResolver-bootstrap-executor-0] Resolving eureka endpoints via configuration
2019-12-12 16:55:33,094 INFO com.netflix.discovery.shared.resolver.aws.ConfigClusterResolver [AsyncResolver-bootstrap-executor-0] Resolving eureka endpoints via configuration
2019-12-12 17:00:33,097 INFO com.netflix.discovery.shared.resolver.aws.ConfigClusterResolver [AsyncResolver-bootstrap-executor-0] Resolving eureka endpoints via configuration
2019-12-12 17:05:33,108 INFO com.netflix.discovery.shared.resolver.aws.ConfigClusterResolver [AsyncResolver-bootstrap-executor-0] Resolving eureka endpoints via configuration
2019-12-12 17:10:33,112 INFO com.netflix.discovery.shared.resolver.aws.ConfigClusterResolver [AsyncResolver-bootstrap-executor-0] Resolving eureka endpoints via configuration
2019-12-12 17:15:33,117 INFO com.netflix.discovery.shared.resolver.aws.ConfigClusterResolver [AsyncResolver-bootstrap-executor-0] Resolving eureka endpoints via configuration
2019-12-12 17:20:33,120 INFO com.netflix.discovery.shared.resolver.aws.ConfigClusterResolver [AsyncResolver-bootstrap-executor-0] Resolving eureka endpoints via configuration
2019-12-12 17:25:33,123 INFO com.netflix.discovery.shared.resolver.aws.ConfigClusterResolver [AsyncResolver-bootstrap-executor-0] Resolving eureka endpoints via configuration
2019-12-12 17:30:33,127 INFO com.netflix.discovery.shared.resolver.aws.ConfigClusterResolver [AsyncResolver-bootstrap-executor-0] Resolving eureka endpoints via configuration
2019-12-12 17:35:33,129 INFO com.netflix.discovery.shared.resolver.aws.ConfigClusterResolver [AsyncResolver-bootstrap-executor-0] Resolving eureka endpoints via configuration
2019-12-12 17:40:33,133 INFO com.netflix.discovery.shared.resolver.aws.ConfigClusterResolver [AsyncResolver-bootstrap-executor-0] Resolving eureka endpoints via configuration
2019-12-12 17:45:33,135 INFO com.netflix.discovery.shared.resolver.aws.ConfigClusterResolver [AsyncResolver-bootstrap-executor-0] Resolving eureka endpoints via configuration
2019-12-12 17:50:33,137 INFO com.netflix.discovery.shared.resolver.aws.ConfigClusterResolver [AsyncResolver-bootstrap-executor-0] Resolving eureka endpoints via configuration
2019-12-12 18:18:43,302 INFO com.netflix.discovery.shared.resolver.aws.ConfigClusterResolver [AsyncResolver-bootstrap-executor-0] Resolving eureka endpoints via configuration
2019-12-12 18:23:43,306 INFO com.netflix.discovery.shared.resolver.aws.ConfigClusterResolver [AsyncResolver-bootstrap-executor-0] Resolving eureka endpoints via configuration
2019-12-12 18:28:43,308 INFO com.netflix.discovery.shared.resolver.aws.ConfigClusterResolver [AsyncResolver-bootstrap-executor-0] Resolving eureka endpoints via configuration
2019-12-12 18:42:05,176 INFO com.netflix.discovery.shared.resolver.aws.ConfigClusterResolver [AsyncResolver-bootstrap-executor-0] Resolving eureka endpoints via configuration
2019-12-12 18:47:05,179 INFO com.netflix.discovery.shared.resolver.aws.ConfigClusterResolver [AsyncResolver-bootstrap-executor-0] Resolving eureka endpoints via configuration
2019-12-12 18:52:05,182 INFO com.netflix.discovery.shared.resolver.aws.ConfigClusterResolver [AsyncResolver-bootstrap-executor-0] Resolving eureka endpoints via configuration
