2019-12-12 16:00:39,289 INFO org.springframework.context.support.PostProcessorRegistrationDelegate$BeanPostProcessorChecker [main] Bean 'org.springframework.cloud.autoconfigure.ConfigurationPropertiesRebinderAutoConfiguration' of type [org.springframework.cloud.autoconfigure.ConfigurationPropertiesRebinderAutoConfiguration] is not eligible for getting processed by all BeanPostProcessors (for example: not eligible for auto-proxying)
2019-12-12 16:00:40,513 INFO org.springframework.cloud.config.client.ConfigServicePropertySourceLocator [main] Fetching config from server at : http://localhost:8888
2019-12-12 16:00:41,419 INFO org.springframework.cloud.config.client.ConfigServicePropertySourceLocator [main] Located environment: name=employeebyID, profiles=[default], label=null, version=null, state=null
2019-12-12 16:00:41,420 INFO org.springframework.cloud.bootstrap.config.PropertySourceBootstrapConfiguration [main] Located property source: OriginTrackedCompositePropertySource {name='configService', propertySources=[OriginTrackedMapPropertySource {name='classpath:/common-config/application.properties'}]}
2019-12-12 16:00:41,467 INFO org.springframework.boot.SpringApplication [main] No active profile set, falling back to default profiles: default
2019-12-12 16:00:42,741 INFO org.springframework.data.repository.config.RepositoryConfigurationDelegate [main] Bootstrapping Spring Data repositories in DEFAULT mode.
2019-12-12 16:00:42,954 INFO org.springframework.data.repository.config.RepositoryConfigurationDelegate [main] Finished Spring Data repository scanning in 205ms. Found 0 repository interfaces.
2019-12-12 16:00:42,961 INFO org.springframework.data.repository.config.RepositoryConfigurationDelegate [main] Bootstrapping Spring Data repositories in DEFAULT mode.
2019-12-12 16:00:42,992 INFO org.springframework.data.repository.config.RepositoryConfigurationDelegate [main] Finished Spring Data repository scanning in 30ms. Found 1 repository interfaces.
2019-12-12 16:00:43,135 WARN org.springframework.boot.actuate.endpoint.EndpointId [main] Endpoint ID 'service-registry' contains invalid characters, please migrate to a valid format.
2019-12-12 16:00:43,569 INFO org.springframework.cloud.context.scope.GenericScope [main] BeanFactory id=9f2fb5e8-e983-3bcc-b438-a1092355ff78
2019-12-12 16:00:44,158 INFO org.springframework.context.support.PostProcessorRegistrationDelegate$BeanPostProcessorChecker [main] Bean 'org.springframework.cloud.autoconfigure.ConfigurationPropertiesRebinderAutoConfiguration' of type [org.springframework.cloud.autoconfigure.ConfigurationPropertiesRebinderAutoConfiguration] is not eligible for getting processed by all BeanPostProcessors (for example: not eligible for auto-proxying)
2019-12-12 16:00:45,205 INFO org.springframework.boot.web.embedded.tomcat.TomcatWebServer [main] Tomcat initialized with port(s): 8092 (http)
2019-12-12 16:00:45,215 INFO org.apache.juli.logging.DirectJDKLog [main] Initializing ProtocolHandler ["http-nio-8092"]
2019-12-12 16:00:45,216 INFO org.apache.juli.logging.DirectJDKLog [main] Starting service [Tomcat]
2019-12-12 16:00:45,216 INFO org.apache.juli.logging.DirectJDKLog [main] Starting Servlet engine: [Apache Tomcat/9.0.27]
2019-12-12 16:00:45,525 INFO org.apache.juli.logging.DirectJDKLog [main] Initializing Spring embedded WebApplicationContext
2019-12-12 16:00:45,527 INFO org.springframework.boot.web.servlet.context.ServletWebServerApplicationContext [main] Root WebApplicationContext: initialization completed in 4037 ms
2019-12-12 16:00:45,985 WARN com.netflix.config.sources.URLConfigurationSource [main] No URLs will be polled as dynamic configuration sources.
2019-12-12 16:00:45,987 INFO com.netflix.config.sources.URLConfigurationSource [main] To enable URLs as dynamic configuration sources, define System property archaius.configurationSource.additionalUrls or make config.properties available on classpath.
2019-12-12 16:00:46,020 INFO com.netflix.config.DynamicPropertyFactory [main] DynamicPropertyFactory is initialized with configuration sources: com.netflix.config.ConcurrentCompositeConfiguration@17ae13d5
2019-12-12 16:00:48,257 INFO com.datastax.driver.core.Cluster [main] DataStax Java driver 3.7.2 for Apache Cassandra
2019-12-12 16:00:48,364 INFO com.datastax.driver.core.GuavaCompatibility [main] Detected Guava < 19 in the classpath, using legacy compatibility layer
2019-12-12 16:00:48,687 INFO com.datastax.driver.core.Native$LibCLoader [main] Could not load JNR C Library, native system calls through this library will not be available (set this logger level to DEBUG to see the full stack trace).
2019-12-12 16:00:48,688 INFO com.datastax.driver.core.ClockFactory [main] Using java.lang.System clock to generate timestamps.
2019-12-12 16:00:49,365 INFO com.datastax.driver.core.NettyUtil [main] Did not find Netty's native epoll transport in the classpath, defaulting to NIO.
2019-12-12 16:00:54,117 WARN com.datastax.driver.core.Cluster$Manager [main] You listed localhost/0:0:0:0:0:0:0:1:9042 in your contact points, but it wasn't found in the control host's system.peers at startup
2019-12-12 16:00:54,483 INFO com.datastax.driver.core.policies.DCAwareRoundRobinPolicy [main] Using data-center name 'datacenter1' for DCAwareRoundRobinPolicy (if this is incorrect, please provide the correct datacenter name with DCAwareRoundRobinPolicy constructor)
2019-12-12 16:00:54,487 INFO com.datastax.driver.core.Cluster$Manager [main] New Cassandra host localhost/127.0.0.1:9042 added
2019-12-12 16:00:55,432 WARN org.springframework.cloud.sleuth.zipkin2.ZipkinAutoConfiguration [main] Check result of the [AsyncReporter{org.springframework.cloud.sleuth.zipkin2.sender.RestTemplateSender@5c552f08}] contains an error [CheckResult{ok=false, error=org.springframework.web.client.HttpClientErrorException$BadRequest: 400 Bad Request}]
2019-12-12 16:00:58,053 INFO org.springframework.boot.actuate.endpoint.web.EndpointLinksResolver [main] Exposing 2 endpoint(s) beneath base path '/actuator'
2019-12-12 16:00:58,339 WARN com.netflix.config.sources.URLConfigurationSource [main] No URLs will be polled as dynamic configuration sources.
2019-12-12 16:00:58,340 INFO com.netflix.config.sources.URLConfigurationSource [main] To enable URLs as dynamic configuration sources, define System property archaius.configurationSource.additionalUrls or make config.properties available on classpath.
2019-12-12 16:00:58,763 INFO org.springframework.scheduling.concurrent.ExecutorConfigurationSupport [main] Initializing ExecutorService 'applicationTaskExecutor'
2019-12-12 16:01:02,881 WARN org.springframework.cloud.loadbalancer.config.BlockingLoadBalancerClientAutoConfiguration$BlockingLoadBalancerClientRibbonWarnLogger [main] You already have RibbonLoadBalancerClient on your classpath. It will be used by default. As Spring Cloud Ribbon is in maintenance mode. We recommend switching to BlockingLoadBalancerClient instead. In order to use it, set the value of `spring.cloud.loadbalancer.ribbon.enabled` to `false` or remove spring-cloud-starter-netflix-ribbon from your project.
2019-12-12 16:01:04,056 WARN org.springframework.cloud.loadbalancer.config.LoadBalancerCacheAutoConfiguration$LoadBalancerCaffeineWarnLogger [main] Spring Cloud LoadBalancer is currently working with default default cache. You can switch to using Caffeine cache, by adding it to the classpath.
2019-12-12 16:01:04,196 INFO org.springframework.cloud.netflix.eureka.InstanceInfoFactory [main] Setting initial instance status as: STARTING
2019-12-12 16:01:04,291 INFO com.netflix.discovery.DiscoveryClient [main] Initializing Eureka in region us-east-1
2019-12-12 16:01:04,520 INFO com.netflix.discovery.provider.DiscoveryJerseyProvider [main] Using JSON encoding codec LegacyJacksonJson
2019-12-12 16:01:04,520 INFO com.netflix.discovery.provider.DiscoveryJerseyProvider [main] Using JSON decoding codec LegacyJacksonJson
2019-12-12 16:01:04,693 INFO com.netflix.discovery.provider.DiscoveryJerseyProvider [main] Using XML encoding codec XStreamXml
2019-12-12 16:01:04,693 INFO com.netflix.discovery.provider.DiscoveryJerseyProvider [main] Using XML decoding codec XStreamXml
2019-12-12 16:01:04,880 INFO com.netflix.discovery.shared.resolver.aws.ConfigClusterResolver [main] Resolving eureka endpoints via configuration
2019-12-12 16:01:05,415 INFO com.netflix.discovery.DiscoveryClient [main] Disable delta property : false
2019-12-12 16:01:05,415 INFO com.netflix.discovery.DiscoveryClient [main] Single vip registry refresh property : null
2019-12-12 16:01:05,415 INFO com.netflix.discovery.DiscoveryClient [main] Force full registry fetch : false
2019-12-12 16:01:05,415 INFO com.netflix.discovery.DiscoveryClient [main] Application is null : false
2019-12-12 16:01:05,416 INFO com.netflix.discovery.DiscoveryClient [main] Registered Applications size is zero : true
2019-12-12 16:01:05,416 INFO com.netflix.discovery.DiscoveryClient [main] Application version is -1: true
2019-12-12 16:01:05,416 INFO com.netflix.discovery.DiscoveryClient [main] Getting all instance registry info from the eureka server
2019-12-12 16:01:05,595 INFO com.netflix.discovery.DiscoveryClient [main] The response status is 200
2019-12-12 16:01:05,598 INFO com.netflix.discovery.DiscoveryClient [main] Starting heartbeat executor: renew interval is: 30
2019-12-12 16:01:05,600 INFO com.netflix.discovery.InstanceInfoReplicator [main] InstanceInfoReplicator onDemand update allowed rate per min is 4
2019-12-12 16:01:05,604 INFO com.netflix.discovery.DiscoveryClient [main] Discovery Client initialized at timestamp 1576146665603 with initial instances count: 4
2019-12-12 16:01:05,612 INFO org.springframework.cloud.netflix.eureka.serviceregistry.EurekaServiceRegistry [main] Registering application EMPLOYEEBYID with eureka with status UP
2019-12-12 16:01:05,613 INFO com.netflix.discovery.DiscoveryClient$3 [main] Saw local status change event StatusChangeEvent [timestamp=1576146665613, current=UP, previous=STARTING]
2019-12-12 16:01:05,616 INFO com.netflix.discovery.DiscoveryClient [DiscoveryClient-InstanceInfoReplicator-0] DiscoveryClient_EMPLOYEEBYID/employeebyID:8684db430639f5a232b5cebc71146489: registering service...
2019-12-12 16:01:05,619 INFO springfox.documentation.spring.web.plugins.DocumentationPluginsBootstrapper [main] Context refreshed
2019-12-12 16:01:05,639 INFO springfox.documentation.spring.web.plugins.DocumentationPluginsBootstrapper [main] Found 1 custom documentation plugin(s)
2019-12-12 16:01:05,657 INFO com.netflix.discovery.DiscoveryClient [DiscoveryClient-InstanceInfoReplicator-0] DiscoveryClient_EMPLOYEEBYID/employeebyID:8684db430639f5a232b5cebc71146489 - registration status: 204
2019-12-12 16:01:05,675 INFO springfox.documentation.spring.web.scanners.ApiListingReferenceScanner [main] Scanning for api listing references
2019-12-12 16:01:05,850 INFO org.apache.juli.logging.DirectJDKLog [main] Starting ProtocolHandler ["http-nio-8092"]
2019-12-12 16:01:05,874 INFO org.springframework.boot.web.embedded.tomcat.TomcatWebServer [main] Tomcat started on port(s): 8092 (http) with context path ''
2019-12-12 16:01:05,875 INFO org.springframework.cloud.netflix.eureka.serviceregistry.EurekaAutoServiceRegistration [main] Updating port to 8092
2019-12-12 16:01:06,660 INFO org.springframework.boot.StartupInfoLogger [main] Started MainApplication in 29.191 seconds (JVM running for 29.945)
2019-12-12 16:06:05,423 INFO com.netflix.discovery.shared.resolver.aws.ConfigClusterResolver [AsyncResolver-bootstrap-executor-0] Resolving eureka endpoints via configuration
2019-12-12 16:11:05,427 INFO com.netflix.discovery.shared.resolver.aws.ConfigClusterResolver [AsyncResolver-bootstrap-executor-0] Resolving eureka endpoints via configuration
2019-12-12 16:16:05,431 INFO com.netflix.discovery.shared.resolver.aws.ConfigClusterResolver [AsyncResolver-bootstrap-executor-0] Resolving eureka endpoints via configuration
2019-12-12 16:21:05,434 INFO com.netflix.discovery.shared.resolver.aws.ConfigClusterResolver [AsyncResolver-bootstrap-executor-0] Resolving eureka endpoints via configuration
2019-12-12 16:26:05,437 INFO com.netflix.discovery.shared.resolver.aws.ConfigClusterResolver [AsyncResolver-bootstrap-executor-0] Resolving eureka endpoints via configuration
2019-12-12 16:31:25,177 INFO com.netflix.discovery.shared.resolver.aws.ConfigClusterResolver [AsyncResolver-bootstrap-executor-0] Resolving eureka endpoints via configuration
2019-12-12 16:36:25,180 INFO com.netflix.discovery.shared.resolver.aws.ConfigClusterResolver [AsyncResolver-bootstrap-executor-0] Resolving eureka endpoints via configuration
2019-12-12 16:41:25,184 INFO com.netflix.discovery.shared.resolver.aws.ConfigClusterResolver [AsyncResolver-bootstrap-executor-0] Resolving eureka endpoints via configuration
2019-12-12 16:46:25,188 INFO com.netflix.discovery.shared.resolver.aws.ConfigClusterResolver [AsyncResolver-bootstrap-executor-0] Resolving eureka endpoints via configuration
2019-12-12 16:51:25,190 INFO com.netflix.discovery.shared.resolver.aws.ConfigClusterResolver [AsyncResolver-bootstrap-executor-0] Resolving eureka endpoints via configuration
2019-12-12 16:56:25,195 INFO com.netflix.discovery.shared.resolver.aws.ConfigClusterResolver [AsyncResolver-bootstrap-executor-0] Resolving eureka endpoints via configuration
2019-12-12 17:01:25,196 INFO com.netflix.discovery.shared.resolver.aws.ConfigClusterResolver [AsyncResolver-bootstrap-executor-0] Resolving eureka endpoints via configuration
2019-12-12 17:06:25,199 INFO com.netflix.discovery.shared.resolver.aws.ConfigClusterResolver [AsyncResolver-bootstrap-executor-0] Resolving eureka endpoints via configuration
2019-12-12 17:11:25,203 INFO com.netflix.discovery.shared.resolver.aws.ConfigClusterResolver [AsyncResolver-bootstrap-executor-0] Resolving eureka endpoints via configuration
2019-12-12 17:16:25,206 INFO com.netflix.discovery.shared.resolver.aws.ConfigClusterResolver [AsyncResolver-bootstrap-executor-0] Resolving eureka endpoints via configuration
2019-12-12 17:21:25,209 INFO com.netflix.discovery.shared.resolver.aws.ConfigClusterResolver [AsyncResolver-bootstrap-executor-0] Resolving eureka endpoints via configuration
2019-12-12 17:26:25,212 INFO com.netflix.discovery.shared.resolver.aws.ConfigClusterResolver [AsyncResolver-bootstrap-executor-0] Resolving eureka endpoints via configuration
2019-12-12 17:31:25,215 INFO com.netflix.discovery.shared.resolver.aws.ConfigClusterResolver [AsyncResolver-bootstrap-executor-0] Resolving eureka endpoints via configuration
2019-12-12 17:36:25,218 INFO com.netflix.discovery.shared.resolver.aws.ConfigClusterResolver [AsyncResolver-bootstrap-executor-0] Resolving eureka endpoints via configuration
2019-12-12 17:41:25,221 INFO com.netflix.discovery.shared.resolver.aws.ConfigClusterResolver [AsyncResolver-bootstrap-executor-0] Resolving eureka endpoints via configuration
2019-12-12 17:46:25,224 INFO com.netflix.discovery.shared.resolver.aws.ConfigClusterResolver [AsyncResolver-bootstrap-executor-0] Resolving eureka endpoints via configuration
2019-12-12 17:51:25,226 INFO com.netflix.discovery.shared.resolver.aws.ConfigClusterResolver [AsyncResolver-bootstrap-executor-0] Resolving eureka endpoints via configuration
2019-12-12 18:19:35,390 INFO com.netflix.discovery.shared.resolver.aws.ConfigClusterResolver [AsyncResolver-bootstrap-executor-0] Resolving eureka endpoints via configuration
2019-12-12 18:24:35,394 INFO com.netflix.discovery.shared.resolver.aws.ConfigClusterResolver [AsyncResolver-bootstrap-executor-0] Resolving eureka endpoints via configuration
2019-12-12 18:29:35,397 INFO com.netflix.discovery.shared.resolver.aws.ConfigClusterResolver [AsyncResolver-bootstrap-executor-0] Resolving eureka endpoints via configuration
2019-12-12 18:42:57,265 INFO com.netflix.discovery.shared.resolver.aws.ConfigClusterResolver [AsyncResolver-bootstrap-executor-0] Resolving eureka endpoints via configuration
2019-12-12 18:47:57,266 INFO com.netflix.discovery.shared.resolver.aws.ConfigClusterResolver [AsyncResolver-bootstrap-executor-0] Resolving eureka endpoints via configuration
2019-12-12 18:52:57,269 INFO com.netflix.discovery.shared.resolver.aws.ConfigClusterResolver [AsyncResolver-bootstrap-executor-0] Resolving eureka endpoints via configuration
2019-12-12 18:55:57,204 ERROR com.datastax.driver.core.ControlConnection$1 [cluster1-reconnection-0] [Control connection] Cannot connect to any host, scheduling retry in 1000 milliseconds
2019-12-12 18:55:58,205 ERROR com.datastax.driver.core.ControlConnection$1 [cluster1-reconnection-0] [Control connection] Cannot connect to any host, scheduling retry in 2000 milliseconds
2019-12-12 18:56:00,208 ERROR com.datastax.driver.core.ControlConnection$1 [cluster1-reconnection-0] [Control connection] Cannot connect to any host, scheduling retry in 4000 milliseconds
2019-12-12 18:56:04,209 ERROR com.datastax.driver.core.ControlConnection$1 [cluster1-reconnection-0] [Control connection] Cannot connect to any host, scheduling retry in 8000 milliseconds
2019-12-12 18:56:12,211 ERROR com.datastax.driver.core.ControlConnection$1 [cluster1-reconnection-0] [Control connection] Cannot connect to any host, scheduling retry in 16000 milliseconds
